
> rmart-admin-dashboard@1.0.0 start
> react-scripts start

(node:4263) [DEP_WEBPACK_DEV_SERVER_ON_AFTER_SETUP_MIDDLEWARE] DeprecationWarning: 'onAfterSetupMiddleware' option is deprecated. Please use the 'setupMiddlewares' option.
(Use `node --trace-deprecation ...` to show where the warning was created)
(node:4263) [DEP_WEBPACK_DEV_SERVER_ON_BEFORE_SETUP_MIDDLEWARE] DeprecationWarning: 'onBeforeSetupMiddleware' option is deprecated. Please use the 'setupMiddlewares' option.
Starting the development server...

Compiled successfully!

You can now view rmart-admin-dashboard in the browser.

  Local:            http://localhost:3001
  On Your Network:  http://172.20.10.6:3001

Note that the development build is not optimized.
To create a production build, use npm run build.

webpack compiled successfully
No issues found.
(node:4263) [DEP0060] DeprecationWarning: The `util._extend` API is deprecated. Please use Object.assign() instead.
Proxy error: Could not proxy request /favicon.ico from localhost:3001 to https://localhost:8191.
See https://nodejs.org/api/errors.html#errors_common_system_errors for more information (EPROTO).

Proxy error: Could not proxy request /favicon.ico from localhost:3001 to https://localhost:8191.
See https://nodejs.org/api/errors.html#errors_common_system_errors for more information (EPROTO).

Proxy error: Could not proxy request /favicon.ico from localhost:3001 to https://localhost:8191.
See https://nodejs.org/api/errors.html#errors_common_system_errors for more information (EPROTO).

Proxy error: Could not proxy request /favicon.ico from localhost:3001 to https://localhost:8191.
See https://nodejs.org/api/errors.html#errors_common_system_errors for more information (EPROTO).

Proxy error: Could not proxy request /favicon.ico from localhost:3001 to https://localhost:8191.
See https://nodejs.org/api/errors.html#errors_common_system_errors for more information (EPROTO).

Proxy error: Could not proxy request /favicon.ico from localhost:3001 to https://localhost:8191.
See https://nodejs.org/api/errors.html#errors_common_system_errors for more information (EPROTO).

Proxy error: Could not proxy request /favicon.ico from localhost:3001 to https://localhost:8191.
See https://nodejs.org/api/errors.html#errors_common_system_errors for more information (EPROTO).

Proxy error: Could not proxy request /favicon.ico from localhost:3001 to https://localhost:8191.
See https://nodejs.org/api/errors.html#errors_common_system_errors for more information (EPROTO).

Proxy error: Could not proxy request /indomie_goreng.jpg from localhost:3001 to https://localhost:8191.
See https://nodejs.org/api/errors.html#errors_common_system_errors for more information (EPROTO).

Proxy error: Could not proxy request /aqua_600ml.jpg from localhost:3001 to https://localhost:8191.
See https://nodejs.org/api/errors.html#errors_common_system_errors for more information (EPROTO).

Proxy error: Could not proxy request /lifebuoy_shampoo.jpg from localhost:3001 to https://localhost:8191.
See https://nodejs.org/api/errors.html#errors_common_system_errors for more information (EPROTO).

Proxy error: Could not proxy request /rinso_1kg.jpg from localhost:3001 to https://localhost:8191.
See https://nodejs.org/api/errors.html#errors_common_system_errors for more information (EPROTO).

Proxy error: Could not proxy request /favicon.ico from localhost:3001 to https://localhost:8191.
See https://nodejs.org/api/errors.html#errors_common_system_errors for more information (EPROTO).

Proxy error: Could not proxy request /favicon.ico from localhost:3001 to https://localhost:8191.
See https://nodejs.org/api/errors.html#errors_common_system_errors for more information (EPROTO).

Proxy error: Could not proxy request /favicon.ico from localhost:3001 to https://localhost:8191.
See https://nodejs.org/api/errors.html#errors_common_system_errors for more information (EPROTO).

Proxy error: Could not proxy request /favicon.ico from localhost:3001 to https://localhost:8191.
See https://nodejs.org/api/errors.html#errors_common_system_errors for more information (EPROTO).

